<?xml version="1.0" encoding="UTF-8"?>
<testng-results ignored="0" total="6" passed="6" failed="0" skipped="0">
  <reporter-output>
  </reporter-output>
  <suite started-at="2023-05-29T01:22:45 IST" name="AskOmDch" finished-at="2023-05-29T01:23:07 IST" duration-ms="21328">
    <groups>
    </groups>
    <test started-at="2023-05-29T01:22:45 IST" name="AskTest" finished-at="2023-05-29T01:23:07 IST" duration-ms="21328">
      <class name="com.ask.test.SearchTest">
        <test-method is-config="true" signature="startDriver(java.lang.String)[pri:0, instance:com.ask.test.SearchTest@3e2e18f2]" started-at="2023-05-29T01:22:45 IST" name="startDriver" finished-at="2023-05-29T01:22:53 IST" duration-ms="7593" status="PASS">
          <params>
            <param index="0">
              <value>
                <![CDATA[CHROME]]>
              </value>
            </param>
          </params>
          <reporter-output>
          </reporter-output>
        </test-method> <!-- startDriver -->
        <test-method signature="searchPartialMatch()[pri:0, instance:com.ask.test.SearchTest@3e2e18f2]" started-at="2023-05-29T01:22:53 IST" name="searchPartialMatch" finished-at="2023-05-29T01:22:58 IST" duration-ms="5319" status="PASS">
          <reporter-output>
          </reporter-output>
        </test-method> <!-- searchPartialMatch -->
        <test-method is-config="true" signature="quitDriver()[pri:0, instance:com.ask.test.SearchTest@3e2e18f2]" started-at="2023-05-29T01:22:58 IST" name="quitDriver" finished-at="2023-05-29T01:22:58 IST" duration-ms="165" status="PASS">
          <reporter-output>
          </reporter-output>
        </test-method> <!-- quitDriver -->
      </class> <!-- com.ask.test.SearchTest -->
      <class name="com.ask.test.CheckoutTest">
        <test-method is-config="true" signature="startDriver(java.lang.String)[pri:0, instance:com.ask.test.CheckoutTest@1534f01b]" started-at="2023-05-29T01:22:45 IST" name="startDriver" finished-at="2023-05-29T01:22:53 IST" duration-ms="7583" status="PASS">
          <params>
            <param index="0">
              <value>
                <![CDATA[CHROME]]>
              </value>
            </param>
          </params>
          <reporter-output>
          </reporter-output>
        </test-method> <!-- startDriver -->
        <test-method is-config="true" signature="startDriver(java.lang.String)[pri:0, instance:com.ask.test.CheckoutTest@1534f01b]" started-at="2023-05-29T01:22:45 IST" name="startDriver" finished-at="2023-05-29T01:22:53 IST" duration-ms="7590" status="PASS">
          <params>
            <param index="0">
              <value>
                <![CDATA[CHROME]]>
              </value>
            </param>
          </params>
          <reporter-output>
          </reporter-output>
        </test-method> <!-- startDriver -->
        <test-method signature="loginAndCheckoutUsingDirectBankTransfer()[pri:0, instance:com.ask.test.CheckoutTest@1534f01b]" started-at="2023-05-29T01:22:53 IST" name="loginAndCheckoutUsingDirectBankTransfer" finished-at="2023-05-29T01:23:06 IST" duration-ms="13256" status="PASS">
          <reporter-output>
          </reporter-output>
        </test-method> <!-- loginAndCheckoutUsingDirectBankTransfer -->
        <test-method signature="guestCheckoutUsingDirectBankTransfer()[pri:0, instance:com.ask.test.CheckoutTest@1534f01b]" started-at="2023-05-29T01:22:53 IST" name="guestCheckoutUsingDirectBankTransfer" finished-at="2023-05-29T01:23:03 IST" duration-ms="10028" status="PASS">
          <reporter-output>
          </reporter-output>
        </test-method> <!-- guestCheckoutUsingDirectBankTransfer -->
        <test-method is-config="true" signature="quitDriver()[pri:0, instance:com.ask.test.CheckoutTest@1534f01b]" started-at="2023-05-29T01:23:03 IST" name="quitDriver" finished-at="2023-05-29T01:23:03 IST" duration-ms="114" status="PASS">
          <reporter-output>
          </reporter-output>
        </test-method> <!-- quitDriver -->
        <test-method is-config="true" signature="quitDriver()[pri:0, instance:com.ask.test.CheckoutTest@1534f01b]" started-at="2023-05-29T01:23:06 IST" name="quitDriver" finished-at="2023-05-29T01:23:06 IST" duration-ms="221" status="PASS">
          <reporter-output>
          </reporter-output>
        </test-method> <!-- quitDriver -->
      </class> <!-- com.ask.test.CheckoutTest -->
      <class name="com.ask.test.LoginTest">
        <test-method is-config="true" signature="startDriver(java.lang.String)[pri:0, instance:com.ask.test.LoginTest@470f1802]" started-at="2023-05-29T01:22:45 IST" name="startDriver" finished-at="2023-05-29T01:22:53 IST" duration-ms="7579" status="PASS">
          <params>
            <param index="0">
              <value>
                <![CDATA[CHROME]]>
              </value>
            </param>
          </params>
          <reporter-output>
          </reporter-output>
        </test-method> <!-- startDriver -->
        <test-method signature="loginDuringCheckout()[pri:0, instance:com.ask.test.LoginTest@470f1802]" started-at="2023-05-29T01:22:53 IST" name="loginDuringCheckout" finished-at="2023-05-29T01:23:06 IST" duration-ms="13507" status="PASS">
          <reporter-output>
          </reporter-output>
        </test-method> <!-- loginDuringCheckout -->
        <test-method is-config="true" signature="quitDriver()[pri:0, instance:com.ask.test.LoginTest@470f1802]" started-at="2023-05-29T01:23:06 IST" name="quitDriver" finished-at="2023-05-29T01:23:07 IST" duration-ms="211" status="PASS">
          <reporter-output>
          </reporter-output>
        </test-method> <!-- quitDriver -->
      </class> <!-- com.ask.test.LoginTest -->
      <class name="com.ask.test.AddToCartTest">
        <test-method is-config="true" signature="startDriver(java.lang.String)[pri:0, instance:com.ask.test.AddToCartTest@703580bf]" started-at="2023-05-29T01:22:45 IST" name="startDriver" finished-at="2023-05-29T01:22:53 IST" duration-ms="7343" status="PASS">
          <params>
            <param index="0">
              <value>
                <![CDATA[CHROME]]>
              </value>
            </param>
          </params>
          <reporter-output>
          </reporter-output>
        </test-method> <!-- startDriver -->
        <test-method signature="addToCartFromStorePage()[pri:0, instance:com.ask.test.AddToCartTest@703580bf]" started-at="2023-05-29T01:22:53 IST" name="addToCartFromStorePage" finished-at="2023-05-29T01:22:59 IST" duration-ms="6476" status="PASS">
          <reporter-output>
          </reporter-output>
        </test-method> <!-- addToCartFromStorePage -->
        <test-method is-config="true" signature="quitDriver()[pri:0, instance:com.ask.test.AddToCartTest@703580bf]" started-at="2023-05-29T01:22:59 IST" name="quitDriver" finished-at="2023-05-29T01:22:59 IST" duration-ms="155" status="PASS">
          <reporter-output>
          </reporter-output>
        </test-method> <!-- quitDriver -->
      </class> <!-- com.ask.test.AddToCartTest -->
      <class name="com.ask.test.NavigationTest">
        <test-method is-config="true" signature="startDriver(java.lang.String)[pri:0, instance:com.ask.test.NavigationTest@63021689]" started-at="2023-05-29T01:22:45 IST" name="startDriver" finished-at="2023-05-29T01:22:53 IST" duration-ms="7579" status="PASS">
          <params>
            <param index="0">
              <value>
                <![CDATA[CHROME]]>
              </value>
            </param>
          </params>
          <reporter-output>
          </reporter-output>
        </test-method> <!-- startDriver -->
        <test-method signature="navigateFromHomeToStoreUsingMainMenu()[pri:0, instance:com.ask.test.NavigationTest@63021689]" started-at="2023-05-29T01:22:53 IST" name="navigateFromHomeToStoreUsingMainMenu" finished-at="2023-05-29T01:22:57 IST" duration-ms="3612" status="PASS">
          <reporter-output>
          </reporter-output>
        </test-method> <!-- navigateFromHomeToStoreUsingMainMenu -->
        <test-method is-config="true" signature="quitDriver()[pri:0, instance:com.ask.test.NavigationTest@63021689]" started-at="2023-05-29T01:22:57 IST" name="quitDriver" finished-at="2023-05-29T01:22:57 IST" duration-ms="133" status="PASS">
          <reporter-output>
          </reporter-output>
        </test-method> <!-- quitDriver -->
      </class> <!-- com.ask.test.NavigationTest -->
    </test> <!-- AskTest -->
  </suite> <!-- AskOmDch -->
</testng-results>
