<?xml version="1.0" encoding="UTF-8"?>
<!-- Generated by org.testng.reporters.JUnitXMLReporter -->
<testsuite ignored="0" hostname="Aaryans-MacBook-Pro.local" failures="0" tests="6" name="AskTest" time="21.328" errors="0" timestamp="2023-05-29T01:23:07 IST">
  <testcase classname="com.ask.test.NavigationTest" name="navigateFromHomeToStoreUsingMainMenu" time="3.612"/>
  <testcase classname="com.ask.test.SearchTest" name="searchPartialMatch" time="5.319"/>
  <testcase classname="com.ask.test.AddToCartTest" name="addToCartFromStorePage" time="6.476"/>
  <testcase classname="com.ask.test.CheckoutTest" name="guestCheckoutUsingDirectBankTransfer" time="10.028"/>
  <testcase classname="com.ask.test.CheckoutTest" name="loginAndCheckoutUsingDirectBankTransfer" time="13.256"/>
  <testcase classname="com.ask.test.LoginTest" name="loginDuringCheckout" time="13.507"/>
</testsuite> <!-- AskTest -->
